  [1m[35m (397.1ms)[0m  [1m[35mCREATE DATABASE "first_routes_development" ENCODING = 'unicode'[0m
  ↳ bin/rails:9
  [1m[35m (252.1ms)[0m  [1m[35mCREATE DATABASE "first_routes_test" ENCODING = 'unicode'[0m
  ↳ bin/rails:9
Started GET "/" for 127.0.0.1 at 2018-11-12 14:21:07 -0800
Processing by Rails::WelcomeController#index as HTML
  Rendering /usr/local/var/rbenv/versions/2.5.0/lib/ruby/gems/2.5.0/gems/railties-5.2.1/lib/rails/templates/rails/welcome/index.html.erb
  Rendered /usr/local/var/rbenv/versions/2.5.0/lib/ruby/gems/2.5.0/gems/railties-5.2.1/lib/rails/templates/rails/welcome/index.html.erb (11.9ms)
Completed 200 OK in 131ms (Views: 58.3ms | ActiveRecord: 0.0ms)


Started GET "/users" for 127.0.0.1 at 2018-11-12 14:36:07 -0800
  
AbstractController::ActionNotFound (The action 'index' could not be found for UsersController):
  
actionpack (5.2.1) lib/abstract_controller/base.rb:129:in `process'
actionview (5.2.1) lib/action_view/rendering.rb:32:in `process'
actionpack (5.2.1) lib/action_controller/metal.rb:191:in `dispatch'
actionpack (5.2.1) lib/action_controller/metal.rb:252:in `dispatch'
actionpack (5.2.1) lib/action_dispatch/routing/route_set.rb:52:in `dispatch'
actionpack (5.2.1) lib/action_dispatch/routing/route_set.rb:34:in `serve'
actionpack (5.2.1) lib/action_dispatch/journey/router.rb:52:in `block in serve'
actionpack (5.2.1) lib/action_dispatch/journey/router.rb:35:in `each'
actionpack (5.2.1) lib/action_dispatch/journey/router.rb:35:in `serve'
actionpack (5.2.1) lib/action_dispatch/routing/route_set.rb:840:in `call'
rack (2.0.6) lib/rack/tempfile_reaper.rb:15:in `call'
rack (2.0.6) lib/rack/etag.rb:25:in `call'
rack (2.0.6) lib/rack/conditional_get.rb:25:in `call'
rack (2.0.6) lib/rack/head.rb:12:in `call'
actionpack (5.2.1) lib/action_dispatch/http/content_security_policy.rb:18:in `call'
rack (2.0.6) lib/rack/session/abstract/id.rb:232:in `context'
rack (2.0.6) lib/rack/session/abstract/id.rb:226:in `call'
actionpack (5.2.1) lib/action_dispatch/middleware/cookies.rb:670:in `call'
activerecord (5.2.1) lib/active_record/migration.rb:559:in `call'
actionpack (5.2.1) lib/action_dispatch/middleware/callbacks.rb:28:in `block in call'
activesupport (5.2.1) lib/active_support/callbacks.rb:98:in `run_callbacks'
actionpack (5.2.1) lib/action_dispatch/middleware/callbacks.rb:26:in `call'
actionpack (5.2.1) lib/action_dispatch/middleware/executor.rb:14:in `call'
actionpack (5.2.1) lib/action_dispatch/middleware/debug_exceptions.rb:61:in `call'
web-console (3.7.0) lib/web_console/middleware.rb:135:in `call_app'
web-console (3.7.0) lib/web_console/middleware.rb:30:in `block in call'
web-console (3.7.0) lib/web_console/middleware.rb:20:in `catch'
web-console (3.7.0) lib/web_console/middleware.rb:20:in `call'
actionpack (5.2.1) lib/action_dispatch/middleware/show_exceptions.rb:33:in `call'
railties (5.2.1) lib/rails/rack/logger.rb:38:in `call_app'
railties (5.2.1) lib/rails/rack/logger.rb:26:in `block in call'
activesupport (5.2.1) lib/active_support/tagged_logging.rb:71:in `block in tagged'
activesupport (5.2.1) lib/active_support/tagged_logging.rb:28:in `tagged'
activesupport (5.2.1) lib/active_support/tagged_logging.rb:71:in `tagged'
railties (5.2.1) lib/rails/rack/logger.rb:26:in `call'
sprockets-rails (3.2.1) lib/sprockets/rails/quiet_assets.rb:13:in `call'
actionpack (5.2.1) lib/action_dispatch/middleware/remote_ip.rb:81:in `call'
actionpack (5.2.1) lib/action_dispatch/middleware/request_id.rb:27:in `call'
rack (2.0.6) lib/rack/method_override.rb:22:in `call'
rack (2.0.6) lib/rack/runtime.rb:22:in `call'
activesupport (5.2.1) lib/active_support/cache/strategy/local_cache_middleware.rb:29:in `call'
actionpack (5.2.1) lib/action_dispatch/middleware/executor.rb:14:in `call'
actionpack (5.2.1) lib/action_dispatch/middleware/static.rb:127:in `call'
rack (2.0.6) lib/rack/sendfile.rb:111:in `call'
railties (5.2.1) lib/rails/engine.rb:524:in `call'
puma (3.12.0) lib/puma/configuration.rb:225:in `call'
puma (3.12.0) lib/puma/server.rb:658:in `handle_request'
puma (3.12.0) lib/puma/server.rb:472:in `process_client'
puma (3.12.0) lib/puma/server.rb:332:in `block in run'
puma (3.12.0) lib/puma/thread_pool.rb:133:in `block in spawn_thread'
Started GET "/users" for 127.0.0.1 at 2018-11-12 14:37:29 -0800
Processing by UsersController#index as */*
No template found for UsersController#index, rendering head :no_content
Completed 204 No Content in 232ms (ActiveRecord: 0.0ms)


Started GET "/users" for 127.0.0.1 at 2018-11-12 14:39:19 -0800
Processing by UsersController#index as */*
Completed 200 OK in 1ms (Views: 0.2ms | ActiveRecord: 0.0ms)


Started GET "/users?fav_food=pizza" for 127.0.0.1 at 2018-11-12 14:41:24 -0800
Processing by UsersController#index as */*
  Parameters: {"fav_food"=>"pizza"}
Completed 200 OK in 1ms (Views: 0.5ms | ActiveRecord: 0.0ms)


Started GET "/users?fav_food=pizza" for 127.0.0.1 at 2018-11-12 14:42:13 -0800
Processing by UsersController#index as */*
  Parameters: {"fav_food"=>"pizza"}
  Rendering text template
  Rendered text template (0.0ms)
Completed 200 OK in 14ms (Views: 13.9ms | ActiveRecord: 0.0ms)


Started POST "/users" for 127.0.0.1 at 2018-11-12 14:43:52 -0800
  
AbstractController::ActionNotFound (The action 'create' could not be found for UsersController):
  
actionpack (5.2.1) lib/abstract_controller/base.rb:129:in `process'
actionview (5.2.1) lib/action_view/rendering.rb:32:in `process'
actionpack (5.2.1) lib/action_controller/metal.rb:191:in `dispatch'
actionpack (5.2.1) lib/action_controller/metal.rb:252:in `dispatch'
actionpack (5.2.1) lib/action_dispatch/routing/route_set.rb:52:in `dispatch'
actionpack (5.2.1) lib/action_dispatch/routing/route_set.rb:34:in `serve'
actionpack (5.2.1) lib/action_dispatch/journey/router.rb:52:in `block in serve'
actionpack (5.2.1) lib/action_dispatch/journey/router.rb:35:in `each'
actionpack (5.2.1) lib/action_dispatch/journey/router.rb:35:in `serve'
actionpack (5.2.1) lib/action_dispatch/routing/route_set.rb:840:in `call'
rack (2.0.6) lib/rack/tempfile_reaper.rb:15:in `call'
rack (2.0.6) lib/rack/etag.rb:25:in `call'
rack (2.0.6) lib/rack/conditional_get.rb:38:in `call'
rack (2.0.6) lib/rack/head.rb:12:in `call'
actionpack (5.2.1) lib/action_dispatch/http/content_security_policy.rb:18:in `call'
rack (2.0.6) lib/rack/session/abstract/id.rb:232:in `context'
rack (2.0.6) lib/rack/session/abstract/id.rb:226:in `call'
actionpack (5.2.1) lib/action_dispatch/middleware/cookies.rb:670:in `call'
activerecord (5.2.1) lib/active_record/migration.rb:559:in `call'
actionpack (5.2.1) lib/action_dispatch/middleware/callbacks.rb:28:in `block in call'
activesupport (5.2.1) lib/active_support/callbacks.rb:98:in `run_callbacks'
actionpack (5.2.1) lib/action_dispatch/middleware/callbacks.rb:26:in `call'
actionpack (5.2.1) lib/action_dispatch/middleware/executor.rb:14:in `call'
actionpack (5.2.1) lib/action_dispatch/middleware/debug_exceptions.rb:61:in `call'
web-console (3.7.0) lib/web_console/middleware.rb:135:in `call_app'
web-console (3.7.0) lib/web_console/middleware.rb:30:in `block in call'
web-console (3.7.0) lib/web_console/middleware.rb:20:in `catch'
web-console (3.7.0) lib/web_console/middleware.rb:20:in `call'
actionpack (5.2.1) lib/action_dispatch/middleware/show_exceptions.rb:33:in `call'
railties (5.2.1) lib/rails/rack/logger.rb:38:in `call_app'
railties (5.2.1) lib/rails/rack/logger.rb:26:in `block in call'
activesupport (5.2.1) lib/active_support/tagged_logging.rb:71:in `block in tagged'
activesupport (5.2.1) lib/active_support/tagged_logging.rb:28:in `tagged'
activesupport (5.2.1) lib/active_support/tagged_logging.rb:71:in `tagged'
railties (5.2.1) lib/rails/rack/logger.rb:26:in `call'
sprockets-rails (3.2.1) lib/sprockets/rails/quiet_assets.rb:13:in `call'
actionpack (5.2.1) lib/action_dispatch/middleware/remote_ip.rb:81:in `call'
actionpack (5.2.1) lib/action_dispatch/middleware/request_id.rb:27:in `call'
rack (2.0.6) lib/rack/method_override.rb:22:in `call'
rack (2.0.6) lib/rack/runtime.rb:22:in `call'
activesupport (5.2.1) lib/active_support/cache/strategy/local_cache_middleware.rb:29:in `call'
actionpack (5.2.1) lib/action_dispatch/middleware/executor.rb:14:in `call'
actionpack (5.2.1) lib/action_dispatch/middleware/static.rb:127:in `call'
rack (2.0.6) lib/rack/sendfile.rb:111:in `call'
railties (5.2.1) lib/rails/engine.rb:524:in `call'
puma (3.12.0) lib/puma/configuration.rb:225:in `call'
puma (3.12.0) lib/puma/server.rb:658:in `handle_request'
puma (3.12.0) lib/puma/server.rb:472:in `process_client'
puma (3.12.0) lib/puma/server.rb:332:in `block in run'
puma (3.12.0) lib/puma/thread_pool.rb:133:in `block in spawn_thread'
Started POST "/users" for 127.0.0.1 at 2018-11-12 14:45:20 -0800
Processing by UsersController#create as */*
  Parameters: {"fav_food"=>"pizza"}
Completed 200 OK in 1ms (Views: 0.3ms | ActiveRecord: 0.0ms)


Started GET "/users/1" for 127.0.0.1 at 2018-11-12 14:46:46 -0800
  
AbstractController::ActionNotFound (The action 'show' could not be found for UsersController):
  
actionpack (5.2.1) lib/abstract_controller/base.rb:129:in `process'
actionview (5.2.1) lib/action_view/rendering.rb:32:in `process'
actionpack (5.2.1) lib/action_controller/metal.rb:191:in `dispatch'
actionpack (5.2.1) lib/action_controller/metal.rb:252:in `dispatch'
actionpack (5.2.1) lib/action_dispatch/routing/route_set.rb:52:in `dispatch'
actionpack (5.2.1) lib/action_dispatch/routing/route_set.rb:34:in `serve'
actionpack (5.2.1) lib/action_dispatch/journey/router.rb:52:in `block in serve'
actionpack (5.2.1) lib/action_dispatch/journey/router.rb:35:in `each'
actionpack (5.2.1) lib/action_dispatch/journey/router.rb:35:in `serve'
actionpack (5.2.1) lib/action_dispatch/routing/route_set.rb:840:in `call'
rack (2.0.6) lib/rack/tempfile_reaper.rb:15:in `call'
rack (2.0.6) lib/rack/etag.rb:25:in `call'
rack (2.0.6) lib/rack/conditional_get.rb:25:in `call'
rack (2.0.6) lib/rack/head.rb:12:in `call'
actionpack (5.2.1) lib/action_dispatch/http/content_security_policy.rb:18:in `call'
rack (2.0.6) lib/rack/session/abstract/id.rb:232:in `context'
rack (2.0.6) lib/rack/session/abstract/id.rb:226:in `call'
actionpack (5.2.1) lib/action_dispatch/middleware/cookies.rb:670:in `call'
activerecord (5.2.1) lib/active_record/migration.rb:559:in `call'
actionpack (5.2.1) lib/action_dispatch/middleware/callbacks.rb:28:in `block in call'
activesupport (5.2.1) lib/active_support/callbacks.rb:98:in `run_callbacks'
actionpack (5.2.1) lib/action_dispatch/middleware/callbacks.rb:26:in `call'
actionpack (5.2.1) lib/action_dispatch/middleware/executor.rb:14:in `call'
actionpack (5.2.1) lib/action_dispatch/middleware/debug_exceptions.rb:61:in `call'
web-console (3.7.0) lib/web_console/middleware.rb:135:in `call_app'
web-console (3.7.0) lib/web_console/middleware.rb:30:in `block in call'
web-console (3.7.0) lib/web_console/middleware.rb:20:in `catch'
web-console (3.7.0) lib/web_console/middleware.rb:20:in `call'
actionpack (5.2.1) lib/action_dispatch/middleware/show_exceptions.rb:33:in `call'
railties (5.2.1) lib/rails/rack/logger.rb:38:in `call_app'
railties (5.2.1) lib/rails/rack/logger.rb:26:in `block in call'
activesupport (5.2.1) lib/active_support/tagged_logging.rb:71:in `block in tagged'
activesupport (5.2.1) lib/active_support/tagged_logging.rb:28:in `tagged'
activesupport (5.2.1) lib/active_support/tagged_logging.rb:71:in `tagged'
railties (5.2.1) lib/rails/rack/logger.rb:26:in `call'
sprockets-rails (3.2.1) lib/sprockets/rails/quiet_assets.rb:13:in `call'
actionpack (5.2.1) lib/action_dispatch/middleware/remote_ip.rb:81:in `call'
actionpack (5.2.1) lib/action_dispatch/middleware/request_id.rb:27:in `call'
rack (2.0.6) lib/rack/method_override.rb:22:in `call'
rack (2.0.6) lib/rack/runtime.rb:22:in `call'
activesupport (5.2.1) lib/active_support/cache/strategy/local_cache_middleware.rb:29:in `call'
actionpack (5.2.1) lib/action_dispatch/middleware/executor.rb:14:in `call'
actionpack (5.2.1) lib/action_dispatch/middleware/static.rb:127:in `call'
rack (2.0.6) lib/rack/sendfile.rb:111:in `call'
railties (5.2.1) lib/rails/engine.rb:524:in `call'
puma (3.12.0) lib/puma/configuration.rb:225:in `call'
puma (3.12.0) lib/puma/server.rb:658:in `handle_request'
puma (3.12.0) lib/puma/server.rb:472:in `process_client'
puma (3.12.0) lib/puma/server.rb:332:in `block in run'
puma (3.12.0) lib/puma/thread_pool.rb:133:in `block in spawn_thread'
Started GET "/users/1" for 127.0.0.1 at 2018-11-12 14:47:48 -0800
Processing by UsersController#show as */*
  Parameters: {"fav_food"=>"pizza", "id"=>"1"}
Completed 200 OK in 1ms (Views: 0.3ms | ActiveRecord: 0.0ms)


Started GET "/users/1" for 127.0.0.1 at 2018-11-12 14:48:13 -0800
Processing by UsersController#show as */*
  Parameters: {"id"=>"1"}
Completed 200 OK in 1ms (Views: 0.3ms | ActiveRecord: 0.0ms)


Started GET "/users/1" for 127.0.0.1 at 2018-11-12 14:50:08 -0800
Processing by UsersController#show as */*
  Parameters: {"user"=>{":fav_food"=>"pizza", "fav_sport"=>"basket ball"}, "id"=>"1"}
Completed 200 OK in 2ms (Views: 0.4ms | ActiveRecord: 0.0ms)


Started GET "/users/1" for 127.0.0.1 at 2018-11-12 14:50:25 -0800
Processing by UsersController#show as */*
  Parameters: {"user"=>{"fav_food"=>"pizza", "fav_sport"=>"basket ball"}, "id"=>"1"}
Completed 200 OK in 1ms (Views: 0.2ms | ActiveRecord: 0.0ms)


Started POST "/users" for 127.0.0.1 at 2018-11-12 14:51:26 -0800
Processing by UsersController#create as */*
  Parameters: {"user"=>{"fav_food"=>"pizza", "fav_sport"=>"basket ball"}}
Completed 200 OK in 1ms (Views: 0.4ms | ActiveRecord: 0.0ms)


Started POST "/users/1" for 127.0.0.1 at 2018-11-12 14:52:08 -0800
  
ActionController::RoutingError (No route matches [POST] "/users/1"):
  
actionpack (5.2.1) lib/action_dispatch/middleware/debug_exceptions.rb:65:in `call'
web-console (3.7.0) lib/web_console/middleware.rb:135:in `call_app'
web-console (3.7.0) lib/web_console/middleware.rb:30:in `block in call'
web-console (3.7.0) lib/web_console/middleware.rb:20:in `catch'
web-console (3.7.0) lib/web_console/middleware.rb:20:in `call'
actionpack (5.2.1) lib/action_dispatch/middleware/show_exceptions.rb:33:in `call'
railties (5.2.1) lib/rails/rack/logger.rb:38:in `call_app'
railties (5.2.1) lib/rails/rack/logger.rb:26:in `block in call'
activesupport (5.2.1) lib/active_support/tagged_logging.rb:71:in `block in tagged'
activesupport (5.2.1) lib/active_support/tagged_logging.rb:28:in `tagged'
activesupport (5.2.1) lib/active_support/tagged_logging.rb:71:in `tagged'
railties (5.2.1) lib/rails/rack/logger.rb:26:in `call'
sprockets-rails (3.2.1) lib/sprockets/rails/quiet_assets.rb:13:in `call'
actionpack (5.2.1) lib/action_dispatch/middleware/remote_ip.rb:81:in `call'
actionpack (5.2.1) lib/action_dispatch/middleware/request_id.rb:27:in `call'
rack (2.0.6) lib/rack/method_override.rb:22:in `call'
rack (2.0.6) lib/rack/runtime.rb:22:in `call'
activesupport (5.2.1) lib/active_support/cache/strategy/local_cache_middleware.rb:29:in `call'
actionpack (5.2.1) lib/action_dispatch/middleware/executor.rb:14:in `call'
actionpack (5.2.1) lib/action_dispatch/middleware/static.rb:127:in `call'
rack (2.0.6) lib/rack/sendfile.rb:111:in `call'
railties (5.2.1) lib/rails/engine.rb:524:in `call'
puma (3.12.0) lib/puma/configuration.rb:225:in `call'
puma (3.12.0) lib/puma/server.rb:658:in `handle_request'
puma (3.12.0) lib/puma/server.rb:472:in `process_client'
puma (3.12.0) lib/puma/server.rb:332:in `block in run'
puma (3.12.0) lib/puma/thread_pool.rb:133:in `block in spawn_thread'
Started POST "/users" for 127.0.0.1 at 2018-11-12 14:52:33 -0800
Processing by UsersController#create as */*
  Parameters: {"user"=>{"fav_food"=>"pizza", "fav_sport"=>"basket ball"}}
Completed 200 OK in 1ms (Views: 0.4ms | ActiveRecord: 0.0ms)


Started POST "/users/1" for 127.0.0.1 at 2018-11-12 14:53:20 -0800
Processing by UsersController#create as */*
  Parameters: {"user"=>{"fav_food"=>"pizza", "fav_sport"=>"basket ball"}, "id"=>"1"}
Completed 200 OK in 1ms (Views: 0.3ms | ActiveRecord: 0.0ms)


Started POST "/users" for 127.0.0.1 at 2018-11-12 14:53:36 -0800
Processing by UsersController#create as */*
  Parameters: {"user"=>{"fav_food"=>"pizza", "fav_sport"=>"basket ball"}}
Completed 200 OK in 2ms (Views: 1.2ms | ActiveRecord: 0.0ms)


  [1m[35m (123.6ms)[0m  [1m[35mCREATE TABLE "schema_migrations" ("version" character varying NOT NULL PRIMARY KEY)[0m
  ↳ bin/rails:9
  [1m[35m (4.5ms)[0m  [1m[35mCREATE TABLE "ar_internal_metadata" ("key" character varying NOT NULL PRIMARY KEY, "value" character varying, "created_at" timestamp NOT NULL, "updated_at" timestamp NOT NULL)[0m
  ↳ bin/rails:9
  [1m[35m (12.3ms)[0m  [1m[34mSELECT pg_try_advisory_lock(7974280239715595190)[0m
  ↳ bin/rails:9
  [1m[35m (13.3ms)[0m  [1m[34mSELECT "schema_migrations"."version" FROM "schema_migrations" ORDER BY "schema_migrations"."version" ASC[0m
  ↳ bin/rails:9
Migrating to CreateUsers (20181112225508)
  [1m[35m (0.4ms)[0m  [1m[35mBEGIN[0m
  ↳ bin/rails:9
  [1m[35m (18.1ms)[0m  [1m[35mCREATE TABLE "users" ("id" bigserial primary key, "name" character varying NOT NULL, "email" character varying NOT NULL, "created_at" timestamp NOT NULL, "updated_at" timestamp NOT NULL)[0m
  ↳ db/migrate/20181112225508_create_users.rb:3
  [1m[35m (1.6ms)[0m  [1m[35mCREATE  INDEX  "index_users_on_name" ON "users"  ("name")[0m
  ↳ db/migrate/20181112225508_create_users.rb:8
  [1m[35m (3.3ms)[0m  [1m[35mCREATE UNIQUE INDEX  "index_users_on_email" ON "users"  ("email")[0m
  ↳ db/migrate/20181112225508_create_users.rb:9
  [1m[36mActiveRecord::SchemaMigration Create (1.0ms)[0m  [1m[32mINSERT INTO "schema_migrations" ("version") VALUES ($1) RETURNING "version"[0m  [["version", "20181112225508"]]
  ↳ bin/rails:9
  [1m[35m (0.9ms)[0m  [1m[35mCOMMIT[0m
  ↳ bin/rails:9
  [1m[36mActiveRecord::InternalMetadata Load (20.1ms)[0m  [1m[34mSELECT  "ar_internal_metadata".* FROM "ar_internal_metadata" WHERE "ar_internal_metadata"."key" = $1 LIMIT $2[0m  [["key", "environment"], ["LIMIT", 1]]
  ↳ bin/rails:9
  [1m[35m (0.2ms)[0m  [1m[35mBEGIN[0m
  ↳ bin/rails:9
  [1m[36mActiveRecord::InternalMetadata Create (1.0ms)[0m  [1m[32mINSERT INTO "ar_internal_metadata" ("key", "value", "created_at", "updated_at") VALUES ($1, $2, $3, $4) RETURNING "key"[0m  [["key", "environment"], ["value", "development"], ["created_at", "2018-11-12 22:59:08.150751"], ["updated_at", "2018-11-12 22:59:08.150751"]]
  ↳ bin/rails:9
  [1m[35m (0.5ms)[0m  [1m[35mCOMMIT[0m
  ↳ bin/rails:9
  [1m[35m (0.5ms)[0m  [1m[34mSELECT pg_advisory_unlock(7974280239715595190)[0m
  ↳ bin/rails:9
  [1m[35m (0.6ms)[0m  [1m[34mSELECT "schema_migrations"."version" FROM "schema_migrations" ORDER BY "schema_migrations"."version" ASC[0m
  ↳ bin/rails:9
  [1m[35m (0.4ms)[0m  [1m[35mBEGIN[0m
  [1m[36mUser Exists (1.7ms)[0m  [1m[34mSELECT  1 AS one FROM "users" WHERE "users"."email" = $1 LIMIT $2[0m  [["email", "bum@gmail.com"], ["LIMIT", 1]]
  [1m[36mUser Create (2.1ms)[0m  [1m[32mINSERT INTO "users" ("name", "email", "created_at", "updated_at") VALUES ($1, $2, $3, $4) RETURNING "id"[0m  [["name", "Dan"], ["email", "bum@gmail.com"], ["created_at", "2018-11-12 23:01:56.682701"], ["updated_at", "2018-11-12 23:01:56.682701"]]
  [1m[35m (2.1ms)[0m  [1m[35mCOMMIT[0m
  [1m[35m (0.2ms)[0m  [1m[35mBEGIN[0m
  [1m[36mUser Exists (0.8ms)[0m  [1m[34mSELECT  1 AS one FROM "users" WHERE "users"."email" = $1 LIMIT $2[0m  [["email", "golfcart@gmail.com"], ["LIMIT", 1]]
  [1m[36mUser Create (1.3ms)[0m  [1m[32mINSERT INTO "users" ("name", "email", "created_at", "updated_at") VALUES ($1, $2, $3, $4) RETURNING "id"[0m  [["name", "Fred"], ["email", "golfcart@gmail.com"], ["created_at", "2018-11-12 23:02:25.028187"], ["updated_at", "2018-11-12 23:02:25.028187"]]
  [1m[35m (1.6ms)[0m  [1m[35mCOMMIT[0m
  [1m[35m (0.3ms)[0m  [1m[35mBEGIN[0m
  [1m[36mUser Exists (0.7ms)[0m  [1m[34mSELECT  1 AS one FROM "users" WHERE "users"."email" = $1 LIMIT $2[0m  [["email", "a-aron@gmail.com"], ["LIMIT", 1]]
  [1m[36mUser Create (0.8ms)[0m  [1m[32mINSERT INTO "users" ("name", "email", "created_at", "updated_at") VALUES ($1, $2, $3, $4) RETURNING "id"[0m  [["name", "Jaquelyn"], ["email", "a-aron@gmail.com"], ["created_at", "2018-11-12 23:03:53.481539"], ["updated_at", "2018-11-12 23:03:53.481539"]]
  [1m[35m (0.5ms)[0m  [1m[35mCOMMIT[0m
Started GET "/users" for 127.0.0.1 at 2018-11-12 15:04:50 -0800
  [1m[35m (1.4ms)[0m  [1m[34mSELECT "schema_migrations"."version" FROM "schema_migrations" ORDER BY "schema_migrations"."version" ASC[0m
  ↳ /usr/local/var/rbenv/versions/2.5.0/lib/ruby/gems/2.5.0/gems/activerecord-5.2.1/lib/active_record/log_subscriber.rb:98
Processing by UsersController#index as */*
  Parameters: {"user"=>{"fav_food"=>"pizza", "fav_sport"=>"basket ball"}}
Completed 200 OK in 1ms (Views: 0.5ms | ActiveRecord: 0.0ms)


Started GET "/users" for 127.0.0.1 at 2018-11-12 15:04:55 -0800
Processing by UsersController#index as */*
Completed 200 OK in 1ms (Views: 0.3ms | ActiveRecord: 0.0ms)


Started GET "/users" for 127.0.0.1 at 2018-11-12 15:06:40 -0800
Processing by UsersController#index as */*
  [1m[36mUser Load (1.0ms)[0m  [1m[34mSELECT "users".* FROM "users"[0m
  ↳ app/controllers/users_controller.rb:4
Completed 200 OK in 127ms (Views: 100.8ms | ActiveRecord: 9.6ms)


Started POST "/users" for 127.0.0.1 at 2018-11-12 15:12:43 -0800
Processing by UsersController#create as */*
  Parameters: {"user"=>{"name"=>"Jeff", "email"=>"my_name_is_jeff@gmail.com"}}
Completed 200 OK in 1ms (Views: 0.3ms | ActiveRecord: 0.0ms)


Started GET "/users" for 127.0.0.1 at 2018-11-12 15:13:26 -0800
Processing by UsersController#index as */*
  [1m[36mUser Load (3.4ms)[0m  [1m[34mSELECT "users".* FROM "users"[0m
  ↳ app/controllers/users_controller.rb:4
Completed 200 OK in 7ms (Views: 2.9ms | ActiveRecord: 3.4ms)


Started POST "/users" for 127.0.0.1 at 2018-11-12 15:13:43 -0800
Processing by UsersController#create as */*
  Parameters: {"user"=>{"name"=>"Jeff", "email"=>"my_name_is_jeff@gmail.com"}}
Completed 200 OK in 1ms (Views: 0.4ms | ActiveRecord: 0.0ms)


Started POST "/users" for 127.0.0.1 at 2018-11-12 15:14:51 -0800
Processing by UsersController#create as */*
  Parameters: {"user"=>{"name"=>"Jeff", "email"=>"my_name_is_jeff@gmail.com"}}
Completed 400 Bad Request in 15ms (ActiveRecord: 0.0ms)


  
ActionController::ParameterMissing (param is missing or the value is empty: users):
  
app/controllers/users_controller.rb:8:in `create'
Started POST "/users" for 127.0.0.1 at 2018-11-12 15:15:06 -0800
Processing by UsersController#create as */*
  Parameters: {"users"=>{"name"=>"Jeff", "email"=>"my_name_is_jeff@gmail.com"}}
  [1m[35m (0.3ms)[0m  [1m[35mBEGIN[0m
  ↳ app/controllers/users_controller.rb:9
  [1m[36mUser Exists (1.3ms)[0m  [1m[34mSELECT  1 AS one FROM "users" WHERE "users"."email" = $1 LIMIT $2[0m  [["email", "my_name_is_jeff@gmail.com"], ["LIMIT", 1]]
  ↳ app/controllers/users_controller.rb:9
  [1m[36mUser Create (16.6ms)[0m  [1m[32mINSERT INTO "users" ("name", "email", "created_at", "updated_at") VALUES ($1, $2, $3, $4) RETURNING "id"[0m  [["name", "Jeff"], ["email", "my_name_is_jeff@gmail.com"], ["created_at", "2018-11-12 23:15:06.772929"], ["updated_at", "2018-11-12 23:15:06.772929"]]
  ↳ app/controllers/users_controller.rb:9
  [1m[35m (4.2ms)[0m  [1m[35mCOMMIT[0m
  ↳ app/controllers/users_controller.rb:9
Completed 200 OK in 53ms (Views: 0.7ms | ActiveRecord: 34.3ms)


Started POST "/user" for 127.0.0.1 at 2018-11-12 15:15:50 -0800
  
ActionController::RoutingError (No route matches [POST] "/user"):
  
actionpack (5.2.1) lib/action_dispatch/middleware/debug_exceptions.rb:65:in `call'
web-console (3.7.0) lib/web_console/middleware.rb:135:in `call_app'
web-console (3.7.0) lib/web_console/middleware.rb:30:in `block in call'
web-console (3.7.0) lib/web_console/middleware.rb:20:in `catch'
web-console (3.7.0) lib/web_console/middleware.rb:20:in `call'
actionpack (5.2.1) lib/action_dispatch/middleware/show_exceptions.rb:33:in `call'
railties (5.2.1) lib/rails/rack/logger.rb:38:in `call_app'
railties (5.2.1) lib/rails/rack/logger.rb:26:in `block in call'
activesupport (5.2.1) lib/active_support/tagged_logging.rb:71:in `block in tagged'
activesupport (5.2.1) lib/active_support/tagged_logging.rb:28:in `tagged'
activesupport (5.2.1) lib/active_support/tagged_logging.rb:71:in `tagged'
railties (5.2.1) lib/rails/rack/logger.rb:26:in `call'
sprockets-rails (3.2.1) lib/sprockets/rails/quiet_assets.rb:13:in `call'
actionpack (5.2.1) lib/action_dispatch/middleware/remote_ip.rb:81:in `call'
actionpack (5.2.1) lib/action_dispatch/middleware/request_id.rb:27:in `call'
rack (2.0.6) lib/rack/method_override.rb:22:in `call'
rack (2.0.6) lib/rack/runtime.rb:22:in `call'
activesupport (5.2.1) lib/active_support/cache/strategy/local_cache_middleware.rb:29:in `call'
actionpack (5.2.1) lib/action_dispatch/middleware/executor.rb:14:in `call'
actionpack (5.2.1) lib/action_dispatch/middleware/static.rb:127:in `call'
rack (2.0.6) lib/rack/sendfile.rb:111:in `call'
railties (5.2.1) lib/rails/engine.rb:524:in `call'
puma (3.12.0) lib/puma/configuration.rb:225:in `call'
puma (3.12.0) lib/puma/server.rb:658:in `handle_request'
puma (3.12.0) lib/puma/server.rb:472:in `process_client'
puma (3.12.0) lib/puma/server.rb:332:in `block in run'
puma (3.12.0) lib/puma/thread_pool.rb:133:in `block in spawn_thread'
Started GET "/users" for 127.0.0.1 at 2018-11-12 15:16:03 -0800
Processing by UsersController#index as */*
  Parameters: {"users"=>{"name"=>"Jeff", "email"=>"my_name_is_jeff@gmail.com"}}
  [1m[36mUser Load (0.7ms)[0m  [1m[34mSELECT "users".* FROM "users"[0m
  ↳ app/controllers/users_controller.rb:4
Completed 200 OK in 7ms (Views: 5.5ms | ActiveRecord: 0.7ms)


Started GET "/user" for 127.0.0.1 at 2018-11-12 15:16:10 -0800
  
ActionController::RoutingError (No route matches [GET] "/user"):
  
actionpack (5.2.1) lib/action_dispatch/middleware/debug_exceptions.rb:65:in `call'
web-console (3.7.0) lib/web_console/middleware.rb:135:in `call_app'
web-console (3.7.0) lib/web_console/middleware.rb:30:in `block in call'
web-console (3.7.0) lib/web_console/middleware.rb:20:in `catch'
web-console (3.7.0) lib/web_console/middleware.rb:20:in `call'
actionpack (5.2.1) lib/action_dispatch/middleware/show_exceptions.rb:33:in `call'
railties (5.2.1) lib/rails/rack/logger.rb:38:in `call_app'
railties (5.2.1) lib/rails/rack/logger.rb:26:in `block in call'
activesupport (5.2.1) lib/active_support/tagged_logging.rb:71:in `block in tagged'
activesupport (5.2.1) lib/active_support/tagged_logging.rb:28:in `tagged'
activesupport (5.2.1) lib/active_support/tagged_logging.rb:71:in `tagged'
railties (5.2.1) lib/rails/rack/logger.rb:26:in `call'
sprockets-rails (3.2.1) lib/sprockets/rails/quiet_assets.rb:13:in `call'
actionpack (5.2.1) lib/action_dispatch/middleware/remote_ip.rb:81:in `call'
actionpack (5.2.1) lib/action_dispatch/middleware/request_id.rb:27:in `call'
rack (2.0.6) lib/rack/method_override.rb:22:in `call'
rack (2.0.6) lib/rack/runtime.rb:22:in `call'
activesupport (5.2.1) lib/active_support/cache/strategy/local_cache_middleware.rb:29:in `call'
actionpack (5.2.1) lib/action_dispatch/middleware/executor.rb:14:in `call'
actionpack (5.2.1) lib/action_dispatch/middleware/static.rb:127:in `call'
rack (2.0.6) lib/rack/sendfile.rb:111:in `call'
railties (5.2.1) lib/rails/engine.rb:524:in `call'
puma (3.12.0) lib/puma/configuration.rb:225:in `call'
puma (3.12.0) lib/puma/server.rb:658:in `handle_request'
puma (3.12.0) lib/puma/server.rb:472:in `process_client'
puma (3.12.0) lib/puma/server.rb:332:in `block in run'
puma (3.12.0) lib/puma/thread_pool.rb:133:in `block in spawn_thread'
Started POST "/users" for 127.0.0.1 at 2018-11-12 15:20:36 -0800
Processing by UsersController#create as */*
  Parameters: {"users"=>{"user"=>""}, "user"=>{"name"=>"stan", "email"=>"stan_the_man@gmail.com"}}
  [1m[35m (0.5ms)[0m  [1m[35mBEGIN[0m
  ↳ app/controllers/users_controller.rb:9
  [1m[36mUser Exists (0.7ms)[0m  [1m[34mSELECT  1 AS one FROM "users" WHERE "users"."email" = $1 LIMIT $2[0m  [["email", "stan_the_man@gmail.com"], ["LIMIT", 1]]
  ↳ app/controllers/users_controller.rb:9
  [1m[36mUser Create (0.7ms)[0m  [1m[32mINSERT INTO "users" ("name", "email", "created_at", "updated_at") VALUES ($1, $2, $3, $4) RETURNING "id"[0m  [["name", "stan"], ["email", "stan_the_man@gmail.com"], ["created_at", "2018-11-12 23:20:36.664284"], ["updated_at", "2018-11-12 23:20:36.664284"]]
  ↳ app/controllers/users_controller.rb:9
  [1m[35m (0.6ms)[0m  [1m[35mCOMMIT[0m
  ↳ app/controllers/users_controller.rb:9
Completed 200 OK in 58ms (Views: 0.6ms | ActiveRecord: 12.4ms)


Started GET "/users" for 127.0.0.1 at 2018-11-12 15:20:47 -0800
Processing by UsersController#index as */*
  Parameters: {"users"=>{"user"=>""}, "user"=>{"name"=>"stan", "email"=>"stan_the_man@gmail.com"}}
  [1m[36mUser Load (0.6ms)[0m  [1m[34mSELECT "users".* FROM "users"[0m
  ↳ app/controllers/users_controller.rb:4
Completed 200 OK in 9ms (Views: 7.0ms | ActiveRecord: 0.6ms)


Started POST "/users" for 127.0.0.1 at 2018-11-12 15:23:22 -0800
Processing by UsersController#create as */*
  Parameters: {"users"=>{"user"=>""}, "user"=>{"name"=>"fail"}}
  [1m[35m (0.5ms)[0m  [1m[35mBEGIN[0m
  ↳ app/controllers/users_controller.rb:9
  [1m[36mUser Exists (0.8ms)[0m  [1m[34mSELECT  1 AS one FROM "users" WHERE "users"."email" IS NULL LIMIT $1[0m  [["LIMIT", 1]]
  ↳ app/controllers/users_controller.rb:9
  [1m[35m (0.7ms)[0m  [1m[31mROLLBACK[0m
  ↳ app/controllers/users_controller.rb:9
Completed 422 Unprocessable Entity in 133ms (ActiveRecord: 2.0ms)


  
ActiveRecord::RecordInvalid (Validation failed: Email can't be blank):
  
app/controllers/users_controller.rb:9:in `create'
Started POST "/users" for 127.0.0.1 at 2018-11-12 15:25:21 -0800
  
SyntaxError (/Users/appacademy/Desktop/W4D1/first_routes/first_routes/app/controllers/users_controller.rb:18: syntax error, unexpected end-of-input, expecting keyword_end):
  
app/controllers/users_controller.rb:18: syntax error, unexpected end-of-input, expecting keyword_end
Started POST "/users" for 127.0.0.1 at 2018-11-12 15:25:33 -0800
Processing by UsersController#create as */*
  Parameters: {"users"=>{"user"=>""}, "user"=>{"name"=>"fail"}}
  [1m[35m (0.3ms)[0m  [1m[35mBEGIN[0m
  ↳ app/controllers/users_controller.rb:9
  [1m[36mUser Exists (4.6ms)[0m  [1m[34mSELECT  1 AS one FROM "users" WHERE "users"."email" IS NULL LIMIT $1[0m  [["LIMIT", 1]]
  ↳ app/controllers/users_controller.rb:9
  [1m[35m (0.3ms)[0m  [1m[31mROLLBACK[0m
  ↳ app/controllers/users_controller.rb:9
Completed 418  in 48ms (Views: 0.3ms | ActiveRecord: 13.9ms)


Started GET "/users/5" for 127.0.0.1 at 2018-11-12 15:28:17 -0800
Processing by UsersController#show as */*
  Parameters: {"id"=>"5"}
  [1m[36mUser Load (10.2ms)[0m  [1m[34mSELECT  "users".* FROM "users" WHERE (5) LIMIT $1[0m  [["LIMIT", 1]]
  ↳ app/controllers/users_controller.rb:17
Completed 500 Internal Server Error in 13ms (ActiveRecord: 10.2ms)


  
ActiveRecord::StatementInvalid (PG::DatatypeMismatch: ERROR:  argument of WHERE must be type boolean, not type integer
LINE 1: SELECT  "users".* FROM "users" WHERE (5) LIMIT $1
                                              ^
: SELECT  "users".* FROM "users" WHERE (5) LIMIT $1):
  
app/controllers/users_controller.rb:17:in `show'
Started GET "/users/3" for 127.0.0.1 at 2018-11-12 15:28:32 -0800
Processing by UsersController#show as */*
  Parameters: {"id"=>"3"}
  [1m[36mUser Load (1.5ms)[0m  [1m[34mSELECT  "users".* FROM "users" WHERE (3) LIMIT $1[0m  [["LIMIT", 1]]
  ↳ app/controllers/users_controller.rb:17
Completed 500 Internal Server Error in 4ms (ActiveRecord: 1.5ms)


  
ActiveRecord::StatementInvalid (PG::DatatypeMismatch: ERROR:  argument of WHERE must be type boolean, not type integer
LINE 1: SELECT  "users".* FROM "users" WHERE (3) LIMIT $1
                                              ^
: SELECT  "users".* FROM "users" WHERE (3) LIMIT $1):
  
app/controllers/users_controller.rb:17:in `show'
Started GET "/users/3" for 127.0.0.1 at 2018-11-12 15:30:18 -0800
Processing by UsersController#show as */*
  Parameters: {"id"=>"3"}
Completed 200 OK in 1ms (Views: 0.2ms | ActiveRecord: 0.0ms)


Started GET "/users/3" for 127.0.0.1 at 2018-11-12 15:31:20 -0800
Processing by UsersController#show as */*
  Parameters: {"id"=>"3"}
Completed 500 Internal Server Error in 12ms (ActiveRecord: 0.0ms)


  
ArgumentError (wrong number of arguments (given 1, expected 0)):
  
app/controllers/users_controller.rb:21:in `user_params'
app/controllers/users_controller.rb:17:in `show'
Started GET "/users/3" for 127.0.0.1 at 2018-11-12 15:31:40 -0800
Processing by UsersController#show as */*
  Parameters: {"id"=>"3"}
Completed 400 Bad Request in 21ms (ActiveRecord: 0.0ms)


  
ActionController::ParameterMissing (param is missing or the value is empty: user):
  
app/controllers/users_controller.rb:22:in `user_params'
app/controllers/users_controller.rb:17:in `show'
Started GET "/users/3" for 127.0.0.1 at 2018-11-12 15:32:04 -0800
Processing by UsersController#show as */*
  Parameters: {"id"=>"3"}
  [1m[36mUser Load (38.9ms)[0m  [1m[34mSELECT  "users".* FROM "users" WHERE (3) LIMIT $1[0m  [["LIMIT", 1]]
  ↳ app/controllers/users_controller.rb:17
Completed 500 Internal Server Error in 44ms (ActiveRecord: 38.9ms)


  
ActiveRecord::StatementInvalid (PG::DatatypeMismatch: ERROR:  argument of WHERE must be type boolean, not type integer
LINE 1: SELECT  "users".* FROM "users" WHERE (3) LIMIT $1
                                              ^
: SELECT  "users".* FROM "users" WHERE (3) LIMIT $1):
  
app/controllers/users_controller.rb:17:in `show'
Started GET "/users/3" for 127.0.0.1 at 2018-11-12 15:32:35 -0800
Processing by UsersController#show as */*
  Parameters: {"id"=>"3"}
  [1m[36mUser Load (0.6ms)[0m  [1m[34mSELECT  "users".* FROM "users" WHERE "users"."id" = $1 LIMIT $2[0m  [["id", 3], ["LIMIT", 1]]
  ↳ app/controllers/users_controller.rb:17
Completed 200 OK in 29ms (Views: 0.8ms | ActiveRecord: 8.6ms)


Started GET "/users/3" for 127.0.0.1 at 2018-11-12 15:33:42 -0800
Processing by UsersController#show as */*
  Parameters: {"id"=>"3"}
  [1m[36mUser Load (0.6ms)[0m  [1m[34mSELECT  "users".* FROM "users" WHERE "users"."id" = $1 LIMIT $2[0m  [["id", 3], ["LIMIT", 1]]
  ↳ app/controllers/users_controller.rb:17
Completed 200 OK in 19ms (Views: 0.6ms | ActiveRecord: 7.8ms)


Started GET "/users/3" for 127.0.0.1 at 2018-11-12 15:34:09 -0800
Processing by UsersController#show as */*
  Parameters: {"id"=>"3"}
  [1m[36mUser Load (1.1ms)[0m  [1m[34mSELECT  "users".* FROM "users" WHERE "users"."id" = $1 LIMIT $2[0m  [["id", 3], ["LIMIT", 1]]
  ↳ app/controllers/users_controller.rb:17
Completed 200 OK in 27ms (Views: 0.1ms | ActiveRecord: 13.1ms)


  [1m[35m (0.4ms)[0m  [1m[34mSELECT pg_try_advisory_lock(7974280239715595190)[0m
  ↳ bin/rails:9
  [1m[35m (23.0ms)[0m  [1m[34mSELECT "schema_migrations"."version" FROM "schema_migrations" ORDER BY "schema_migrations"."version" ASC[0m
  ↳ bin/rails:9
Migrating to ModifyUsers (20181112234509)
  [1m[35m (0.3ms)[0m  [1m[35mBEGIN[0m
  ↳ bin/rails:9
  [1m[35m (20.4ms)[0m  [1m[35mALTER TABLE "users" DROP COLUMN "name"[0m
  ↳ db/migrate/20181112234509_modify_users.rb:4
  [1m[35m (23.9ms)[0m  [1m[35mALTER TABLE "users" ADD "username" character varying NOT NULL[0m
  ↳ db/migrate/20181112234509_modify_users.rb:5
  [1m[35m (0.2ms)[0m  [1m[31mROLLBACK[0m
  ↳ bin/rails:9
  [1m[35m (0.4ms)[0m  [1m[34mSELECT pg_advisory_unlock(7974280239715595190)[0m
  ↳ bin/rails:9
  [1m[35m (0.3ms)[0m  [1m[34mSELECT pg_try_advisory_lock(7974280239715595190)[0m
  ↳ bin/rails:9
  [1m[35m (1.2ms)[0m  [1m[34mSELECT "schema_migrations"."version" FROM "schema_migrations" ORDER BY "schema_migrations"."version" ASC[0m
  ↳ bin/rails:9
Migrating to ModifyUsers (20181112234509)
  [1m[35m (0.4ms)[0m  [1m[35mBEGIN[0m
  ↳ bin/rails:9
  [1m[35m (1.9ms)[0m  [1m[35mALTER TABLE "users" DROP COLUMN "name"[0m
  ↳ db/migrate/20181112234509_modify_users.rb:4
  [1m[35m (18.3ms)[0m  [1m[35mALTER TABLE "users" ADD "username" character varying NOT NULL[0m
  ↳ db/migrate/20181112234509_modify_users.rb:5
  [1m[35m (0.3ms)[0m  [1m[31mROLLBACK[0m
  ↳ bin/rails:9
  [1m[35m (0.5ms)[0m  [1m[34mSELECT pg_advisory_unlock(7974280239715595190)[0m
  ↳ bin/rails:9
  [1m[35m (0.3ms)[0m  [1m[34mSELECT pg_try_advisory_lock(7974280239715595190)[0m
  ↳ bin/rails:9
  [1m[35m (1.1ms)[0m  [1m[34mSELECT "schema_migrations"."version" FROM "schema_migrations" ORDER BY "schema_migrations"."version" ASC[0m
  ↳ bin/rails:9
Migrating to ModifyUsers (20181112234509)
  [1m[35m (0.3ms)[0m  [1m[35mBEGIN[0m
  ↳ bin/rails:9
  [1m[35m (53.3ms)[0m  [1m[35mDROP TABLE "users"[0m
  ↳ db/migrate/20181112234509_modify_users.rb:3
  [1m[35m (18.6ms)[0m  [1m[35mALTER TABLE "users" DROP COLUMN "name"[0m
  ↳ db/migrate/20181112234509_modify_users.rb:5
  [1m[35m (0.2ms)[0m  [1m[31mROLLBACK[0m
  ↳ bin/rails:9
  [1m[35m (0.3ms)[0m  [1m[34mSELECT pg_advisory_unlock(7974280239715595190)[0m
  ↳ bin/rails:9
  [1m[35m (0.3ms)[0m  [1m[34mSELECT pg_try_advisory_lock(7974280239715595190)[0m
  ↳ bin/rails:9
  [1m[35m (1.7ms)[0m  [1m[34mSELECT "schema_migrations"."version" FROM "schema_migrations" ORDER BY "schema_migrations"."version" ASC[0m
  ↳ bin/rails:9
Migrating to ModifyUsers (20181112234509)
  [1m[35m (0.3ms)[0m  [1m[35mBEGIN[0m
  ↳ bin/rails:9
  [1m[35m (3.5ms)[0m  [1m[35mDROP TABLE "users"[0m
  ↳ db/migrate/20181112234509_modify_users.rb:3
  [1m[35m (15.8ms)[0m  [1m[35mALTER TABLE "users" ADD "username" character varying NOT NULL[0m
  ↳ db/migrate/20181112234509_modify_users.rb:6
  [1m[35m (0.2ms)[0m  [1m[31mROLLBACK[0m
  ↳ bin/rails:9
  [1m[35m (0.3ms)[0m  [1m[34mSELECT pg_advisory_unlock(7974280239715595190)[0m
  ↳ bin/rails:9
  [1m[35m (0.3ms)[0m  [1m[34mSELECT pg_try_advisory_lock(7974280239715595190)[0m
  ↳ bin/rails:9
  [1m[35m (1.8ms)[0m  [1m[34mSELECT "schema_migrations"."version" FROM "schema_migrations" ORDER BY "schema_migrations"."version" ASC[0m
  ↳ bin/rails:9
Migrating to ModifyUsers (20181112234509)
  [1m[35m (0.3ms)[0m  [1m[35mBEGIN[0m
  ↳ bin/rails:9
  [1m[35m (2.8ms)[0m  [1m[35mDROP TABLE "users"[0m
  ↳ db/migrate/20181112234509_modify_users.rb:3
  [1m[35m (49.2ms)[0m  [1m[35mCREATE TABLE "users" ("id" bigserial primary key, "username" character varying NOT NULL, "created_at" timestamp NOT NULL, "updated_at" timestamp NOT NULL)[0m
  ↳ db/migrate/20181112234509_modify_users.rb:5
  [1m[35m (2.2ms)[0m  [1m[35mCREATE UNIQUE INDEX  "index_users_on_username" ON "users"  ("username")[0m
  ↳ db/migrate/20181112234509_modify_users.rb:12
  [1m[36mActiveRecord::SchemaMigration Create (0.8ms)[0m  [1m[32mINSERT INTO "schema_migrations" ("version") VALUES ($1) RETURNING "version"[0m  [["version", "20181112234509"]]
  ↳ bin/rails:9
  [1m[35m (3.2ms)[0m  [1m[35mCOMMIT[0m
  ↳ bin/rails:9
Migrating to CreateArtworks (20181113000725)
  [1m[35m (0.5ms)[0m  [1m[35mBEGIN[0m
  ↳ bin/rails:9
  [1m[35m (7.8ms)[0m  [1m[35mCREATE TABLE "artworks" ("id" bigserial primary key, "owner_id" integer NOT NULL, "title" character varying NOT NULL, "created_at" timestamp NOT NULL, "updated_at" timestamp NOT NULL)[0m
  ↳ db/migrate/20181113000725_create_artworks.rb:3
  [1m[35m (1.8ms)[0m  [1m[35mCREATE  INDEX  "index_artworks_on_title" ON "artworks"  ("title")[0m
  ↳ db/migrate/20181113000725_create_artworks.rb:9
  [1m[35m (1.8ms)[0m  [1m[35mCREATE UNIQUE INDEX  "index_artworks_on_owner_id" ON "artworks"  ("owner_id")[0m
  ↳ db/migrate/20181113000725_create_artworks.rb:10
  [1m[36mActiveRecord::SchemaMigration Create (0.6ms)[0m  [1m[32mINSERT INTO "schema_migrations" ("version") VALUES ($1) RETURNING "version"[0m  [["version", "20181113000725"]]
  ↳ bin/rails:9
  [1m[35m (1.3ms)[0m  [1m[35mCOMMIT[0m
  ↳ bin/rails:9
Migrating to CreateArtworkShares (20181113000740)
  [1m[35m (2.1ms)[0m  [1m[35mBEGIN[0m
  ↳ bin/rails:9
  [1m[35m (17.9ms)[0m  [1m[35mCREATE TABLE "artwork_shares" ("id" bigserial primary key, "user_id" integer NOT NULL, "artwork_id" integer NOT NULL, "created_at" timestamp NOT NULL, "updated_at" timestamp NOT NULL)[0m
  ↳ db/migrate/20181113000740_create_artwork_shares.rb:3
  [1m[35m (1.7ms)[0m  [1m[35mCREATE  INDEX  "index_artwork_shares_on_user_id" ON "artwork_shares"  ("user_id")[0m
  ↳ db/migrate/20181113000740_create_artwork_shares.rb:8
  [1m[35m (1.6ms)[0m  [1m[35mCREATE  INDEX  "index_artwork_shares_on_artwork_id" ON "artwork_shares"  ("artwork_id")[0m
  ↳ db/migrate/20181113000740_create_artwork_shares.rb:9
  [1m[36mActiveRecord::SchemaMigration Create (0.6ms)[0m  [1m[32mINSERT INTO "schema_migrations" ("version") VALUES ($1) RETURNING "version"[0m  [["version", "20181113000740"]]
  ↳ bin/rails:9
  [1m[35m (0.8ms)[0m  [1m[35mCOMMIT[0m
  ↳ bin/rails:9
  [1m[36mActiveRecord::InternalMetadata Load (1.1ms)[0m  [1m[34mSELECT  "ar_internal_metadata".* FROM "ar_internal_metadata" WHERE "ar_internal_metadata"."key" = $1 LIMIT $2[0m  [["key", "environment"], ["LIMIT", 1]]
  ↳ bin/rails:9
  [1m[35m (0.2ms)[0m  [1m[35mBEGIN[0m
  ↳ bin/rails:9
  [1m[35m (0.1ms)[0m  [1m[35mCOMMIT[0m
  ↳ bin/rails:9
  [1m[35m (0.3ms)[0m  [1m[34mSELECT pg_advisory_unlock(7974280239715595190)[0m
  ↳ bin/rails:9
  [1m[35m (0.4ms)[0m  [1m[34mSELECT "schema_migrations"."version" FROM "schema_migrations" ORDER BY "schema_migrations"."version" ASC[0m
  ↳ bin/rails:9
  [1m[35m (24.1ms)[0m  [1m[34mSELECT "schema_migrations"."version" FROM "schema_migrations" ORDER BY "schema_migrations"."version" ASC[0m
  ↳ /usr/local/var/rbenv/versions/2.5.0/bin/annotate:23
  [1m[35m (1.0ms)[0m  [1m[34mSELECT "schema_migrations"."version" FROM "schema_migrations" ORDER BY "schema_migrations"."version" ASC[0m
  ↳ bin/rails:9
  [1m[35m (0.2ms)[0m  [1m[35mBEGIN[0m
  ↳ db/seeds.rb:9
  [1m[36mUser Exists (14.1ms)[0m  [1m[34mSELECT  1 AS one FROM "users" WHERE "users"."username" = $1 LIMIT $2[0m  [["username", "bajeezus"], ["LIMIT", 1]]
  ↳ db/seeds.rb:9
  [1m[36mUser Create (25.8ms)[0m  [1m[32mINSERT INTO "users" ("username", "created_at", "updated_at") VALUES ($1, $2, $3) RETURNING "id"[0m  [["username", "bajeezus"], ["created_at", "2018-11-13 00:53:43.272378"], ["updated_at", "2018-11-13 00:53:43.272378"]]
  ↳ db/seeds.rb:9
  [1m[35m (31.3ms)[0m  [1m[35mCOMMIT[0m
  ↳ db/seeds.rb:9
  [1m[35m (0.3ms)[0m  [1m[35mBEGIN[0m
  ↳ db/seeds.rb:10
  [1m[36mUser Exists (1.1ms)[0m  [1m[34mSELECT  1 AS one FROM "users" WHERE "users"."username" = $1 LIMIT $2[0m  [["username", "appacademy"], ["LIMIT", 1]]
  ↳ db/seeds.rb:10
  [1m[36mUser Create (0.6ms)[0m  [1m[32mINSERT INTO "users" ("username", "created_at", "updated_at") VALUES ($1, $2, $3) RETURNING "id"[0m  [["username", "appacademy"], ["created_at", "2018-11-13 00:53:43.335360"], ["updated_at", "2018-11-13 00:53:43.335360"]]
  ↳ db/seeds.rb:10
  [1m[35m (1.1ms)[0m  [1m[35mCOMMIT[0m
  ↳ db/seeds.rb:10
  [1m[35m (0.2ms)[0m  [1m[35mBEGIN[0m
  ↳ db/seeds.rb:11
  [1m[36mUser Exists (0.5ms)[0m  [1m[34mSELECT  1 AS one FROM "users" WHERE "users"."username" = $1 LIMIT $2[0m  [["username", "codingbot"], ["LIMIT", 1]]
  ↳ db/seeds.rb:11
  [1m[36mUser Create (0.4ms)[0m  [1m[32mINSERT INTO "users" ("username", "created_at", "updated_at") VALUES ($1, $2, $3) RETURNING "id"[0m  [["username", "codingbot"], ["created_at", "2018-11-13 00:53:43.340384"], ["updated_at", "2018-11-13 00:53:43.340384"]]
  ↳ db/seeds.rb:11
  [1m[35m (13.5ms)[0m  [1m[35mCOMMIT[0m
  ↳ db/seeds.rb:11
  [1m[35m (0.3ms)[0m  [1m[35mBEGIN[0m
  ↳ db/seeds.rb:12
  [1m[36mUser Exists (0.8ms)[0m  [1m[34mSELECT  1 AS one FROM "users" WHERE "users"."username" = $1 LIMIT $2[0m  [["username", "computerslave"], ["LIMIT", 1]]
  ↳ db/seeds.rb:12
  [1m[36mUser Create (0.6ms)[0m  [1m[32mINSERT INTO "users" ("username", "created_at", "updated_at") VALUES ($1, $2, $3) RETURNING "id"[0m  [["username", "computerslave"], ["created_at", "2018-11-13 00:53:43.359338"], ["updated_at", "2018-11-13 00:53:43.359338"]]
  ↳ db/seeds.rb:12
  [1m[35m (0.4ms)[0m  [1m[35mCOMMIT[0m
  ↳ db/seeds.rb:12
  [1m[35m (0.1ms)[0m  [1m[35mBEGIN[0m
  ↳ db/seeds.rb:13
  [1m[36mUser Exists (0.5ms)[0m  [1m[34mSELECT  1 AS one FROM "users" WHERE "users"."username" = $1 LIMIT $2[0m  [["username", "ineedcoffee"], ["LIMIT", 1]]
  ↳ db/seeds.rb:13
  [1m[36mUser Create (0.5ms)[0m  [1m[32mINSERT INTO "users" ("username", "created_at", "updated_at") VALUES ($1, $2, $3) RETURNING "id"[0m  [["username", "ineedcoffee"], ["created_at", "2018-11-13 00:53:43.363727"], ["updated_at", "2018-11-13 00:53:43.363727"]]
  ↳ db/seeds.rb:13
  [1m[35m (0.4ms)[0m  [1m[35mCOMMIT[0m
  ↳ db/seeds.rb:13
  [1m[35m (0.3ms)[0m  [1m[35mBEGIN[0m
  ↳ db/seeds.rb:15
  [1m[36mUser Load (0.4ms)[0m  [1m[34mSELECT  "users".* FROM "users" WHERE "users"."id" = $1 LIMIT $2[0m  [["id", 1], ["LIMIT", 1]]
  ↳ db/seeds.rb:15
  [1m[36mArtwork Create (2.3ms)[0m  [1m[32mINSERT INTO "artworks" ("owner_id", "title", "created_at", "updated_at") VALUES ($1, $2, $3, $4) RETURNING "id"[0m  [["owner_id", 1], ["title", "Holy Moly"], ["created_at", "2018-11-13 00:53:43.480244"], ["updated_at", "2018-11-13 00:53:43.480244"]]
  ↳ db/seeds.rb:15
  [1m[35m (0.6ms)[0m  [1m[35mCOMMIT[0m
  ↳ db/seeds.rb:15
  [1m[35m (0.2ms)[0m  [1m[35mBEGIN[0m
  ↳ db/seeds.rb:16
  [1m[36mUser Load (0.5ms)[0m  [1m[34mSELECT  "users".* FROM "users" WHERE "users"."id" = $1 LIMIT $2[0m  [["id", 2], ["LIMIT", 1]]
  ↳ db/seeds.rb:16
  [1m[36mArtwork Create (0.6ms)[0m  [1m[32mINSERT INTO "artworks" ("owner_id", "title", "created_at", "updated_at") VALUES ($1, $2, $3, $4) RETURNING "id"[0m  [["owner_id", 2], ["title", "Computer"], ["created_at", "2018-11-13 00:53:43.487299"], ["updated_at", "2018-11-13 00:53:43.487299"]]
  ↳ db/seeds.rb:16
  [1m[35m (0.4ms)[0m  [1m[35mCOMMIT[0m
  ↳ db/seeds.rb:16
  [1m[35m (0.2ms)[0m  [1m[35mBEGIN[0m
  ↳ db/seeds.rb:17
  [1m[36mUser Load (0.6ms)[0m  [1m[34mSELECT  "users".* FROM "users" WHERE "users"."id" = $1 LIMIT $2[0m  [["id", 3], ["LIMIT", 1]]
  ↳ db/seeds.rb:17
  [1m[36mArtwork Create (0.8ms)[0m  [1m[32mINSERT INTO "artworks" ("owner_id", "title", "created_at", "updated_at") VALUES ($1, $2, $3, $4) RETURNING "id"[0m  [["owner_id", 3], ["title", "BEEP BEEP BEEP"], ["created_at", "2018-11-13 00:53:43.492389"], ["updated_at", "2018-11-13 00:53:43.492389"]]
  ↳ db/seeds.rb:17
  [1m[35m (0.5ms)[0m  [1m[35mCOMMIT[0m
  ↳ db/seeds.rb:17
  [1m[35m (0.2ms)[0m  [1m[35mBEGIN[0m
  ↳ db/seeds.rb:18
  [1m[36mUser Load (0.5ms)[0m  [1m[34mSELECT  "users".* FROM "users" WHERE "users"."id" = $1 LIMIT $2[0m  [["id", 4], ["LIMIT", 1]]
  ↳ db/seeds.rb:18
  [1m[36mArtwork Create (2.1ms)[0m  [1m[32mINSERT INTO "artworks" ("owner_id", "title", "created_at", "updated_at") VALUES ($1, $2, $3, $4) RETURNING "id"[0m  [["owner_id", 4], ["title", "Keyboard"], ["created_at", "2018-11-13 00:53:43.498114"], ["updated_at", "2018-11-13 00:53:43.498114"]]
  ↳ db/seeds.rb:18
  [1m[35m (2.1ms)[0m  [1m[35mCOMMIT[0m
  ↳ db/seeds.rb:18
  [1m[35m (0.2ms)[0m  [1m[35mBEGIN[0m
  ↳ db/seeds.rb:19
  [1m[36mUser Load (0.4ms)[0m  [1m[34mSELECT  "users".* FROM "users" WHERE "users"."id" = $1 LIMIT $2[0m  [["id", 5], ["LIMIT", 1]]
  ↳ db/seeds.rb:19
  [1m[36mArtwork Create (0.5ms)[0m  [1m[32mINSERT INTO "artworks" ("owner_id", "title", "created_at", "updated_at") VALUES ($1, $2, $3, $4) RETURNING "id"[0m  [["owner_id", 5], ["title", "Caffeinated Pleasures"], ["created_at", "2018-11-13 00:53:43.505767"], ["updated_at", "2018-11-13 00:53:43.505767"]]
  ↳ db/seeds.rb:19
  [1m[35m (0.4ms)[0m  [1m[35mCOMMIT[0m
  ↳ db/seeds.rb:19
  [1m[35m (0.2ms)[0m  [1m[35mBEGIN[0m
  ↳ db/seeds.rb:21
  [1m[36mUser Load (0.4ms)[0m  [1m[34mSELECT  "users".* FROM "users" WHERE "users"."id" = $1 LIMIT $2[0m  [["id", 1], ["LIMIT", 1]]
  ↳ db/seeds.rb:21
  [1m[36mArtworkShare Create (2.6ms)[0m  [1m[32mINSERT INTO "artwork_shares" ("user_id", "artwork_id", "created_at", "updated_at") VALUES ($1, $2, $3, $4) RETURNING "id"[0m  [["user_id", 1], ["artwork_id", 2], ["created_at", "2018-11-13 00:53:43.547541"], ["updated_at", "2018-11-13 00:53:43.547541"]]
  ↳ db/seeds.rb:21
  [1m[35m (0.5ms)[0m  [1m[35mCOMMIT[0m
  ↳ db/seeds.rb:21
  [1m[35m (0.2ms)[0m  [1m[35mBEGIN[0m
  ↳ db/seeds.rb:22
  [1m[36mUser Load (0.3ms)[0m  [1m[34mSELECT  "users".* FROM "users" WHERE "users"."id" = $1 LIMIT $2[0m  [["id", 2], ["LIMIT", 1]]
  ↳ db/seeds.rb:22
  [1m[36mArtworkShare Create (0.5ms)[0m  [1m[32mINSERT INTO "artwork_shares" ("user_id", "artwork_id", "created_at", "updated_at") VALUES ($1, $2, $3, $4) RETURNING "id"[0m  [["user_id", 2], ["artwork_id", 3], ["created_at", "2018-11-13 00:53:43.553833"], ["updated_at", "2018-11-13 00:53:43.553833"]]
  ↳ db/seeds.rb:22
  [1m[35m (0.5ms)[0m  [1m[35mCOMMIT[0m
  ↳ db/seeds.rb:22
  [1m[35m (0.2ms)[0m  [1m[35mBEGIN[0m
  ↳ db/seeds.rb:23
  [1m[36mUser Load (0.3ms)[0m  [1m[34mSELECT  "users".* FROM "users" WHERE "users"."id" = $1 LIMIT $2[0m  [["id", 3], ["LIMIT", 1]]
  ↳ db/seeds.rb:23
  [1m[36mArtworkShare Create (0.5ms)[0m  [1m[32mINSERT INTO "artwork_shares" ("user_id", "artwork_id", "created_at", "updated_at") VALUES ($1, $2, $3, $4) RETURNING "id"[0m  [["user_id", 3], ["artwork_id", 4], ["created_at", "2018-11-13 00:53:43.557624"], ["updated_at", "2018-11-13 00:53:43.557624"]]
  ↳ db/seeds.rb:23
  [1m[35m (0.4ms)[0m  [1m[35mCOMMIT[0m
  ↳ db/seeds.rb:23
  [1m[35m (0.2ms)[0m  [1m[35mBEGIN[0m
  ↳ db/seeds.rb:24
  [1m[36mUser Load (0.3ms)[0m  [1m[34mSELECT  "users".* FROM "users" WHERE "users"."id" = $1 LIMIT $2[0m  [["id", 4], ["LIMIT", 1]]
  ↳ db/seeds.rb:24
  [1m[36mArtworkShare Create (0.5ms)[0m  [1m[32mINSERT INTO "artwork_shares" ("user_id", "artwork_id", "created_at", "updated_at") VALUES ($1, $2, $3, $4) RETURNING "id"[0m  [["user_id", 4], ["artwork_id", 5], ["created_at", "2018-11-13 00:53:43.561592"], ["updated_at", "2018-11-13 00:53:43.561592"]]
  ↳ db/seeds.rb:24
  [1m[35m (0.4ms)[0m  [1m[35mCOMMIT[0m
  ↳ db/seeds.rb:24
  [1m[35m (0.2ms)[0m  [1m[35mBEGIN[0m
  ↳ db/seeds.rb:25
  [1m[36mUser Load (0.3ms)[0m  [1m[34mSELECT  "users".* FROM "users" WHERE "users"."id" = $1 LIMIT $2[0m  [["id", 5], ["LIMIT", 1]]
  ↳ db/seeds.rb:25
  [1m[36mArtworkShare Create (0.6ms)[0m  [1m[32mINSERT INTO "artwork_shares" ("user_id", "artwork_id", "created_at", "updated_at") VALUES ($1, $2, $3, $4) RETURNING "id"[0m  [["user_id", 5], ["artwork_id", 2], ["created_at", "2018-11-13 00:53:43.565421"], ["updated_at", "2018-11-13 00:53:43.565421"]]
  ↳ db/seeds.rb:25
  [1m[35m (0.4ms)[0m  [1m[35mCOMMIT[0m
  ↳ db/seeds.rb:25
  [1m[36mUser Load (0.6ms)[0m  [1m[34mSELECT  "users".* FROM "users" LIMIT $1[0m  [["LIMIT", 11]]
  [1m[36mUser Load (0.6ms)[0m  [1m[34mSELECT  "users".* FROM "users" ORDER BY "users"."id" ASC LIMIT $1[0m  [["LIMIT", 1]]
  [1m[36mArtwork Load (0.7ms)[0m  [1m[34mSELECT  "artworks".* FROM "artworks" WHERE "artworks"."owner_id" = $1 LIMIT $2[0m  [["owner_id", 1], ["LIMIT", 11]]
  [1m[36mUser Load (0.9ms)[0m  [1m[34mSELECT  "users".* FROM "users" ORDER BY "users"."id" ASC LIMIT $1[0m  [["LIMIT", 1]]
  [1m[36mArtworkShare Load (0.7ms)[0m  [1m[34mSELECT  "artwork_shares".* FROM "artwork_shares" WHERE "artwork_shares"."user_id" = $1 LIMIT $2[0m  [["user_id", 1], ["LIMIT", 11]]
  [1m[36mUser Load (0.7ms)[0m  [1m[34mSELECT  "users".* FROM "users" ORDER BY "users"."id" ASC LIMIT $1[0m  [["LIMIT", 1]]
  [1m[36mUser Load (0.7ms)[0m  [1m[34mSELECT  "users".* FROM "users" ORDER BY "users"."id" DESC LIMIT $1[0m  [["LIMIT", 1]]
  [1m[36mUser Load (0.9ms)[0m  [1m[34mSELECT  "users".* FROM "users" ORDER BY "users"."id" DESC LIMIT $1[0m  [["LIMIT", 1]]
  [1m[36mUser Load (0.7ms)[0m  [1m[34mSELECT  "users".* FROM "users" ORDER BY "users"."id" DESC LIMIT $1[0m  [["LIMIT", 1]]
  [1m[36mArtwork Load (2.1ms)[0m  [1m[34mSELECT  "artworks".* FROM "artworks" INNER JOIN "artwork_shares" ON "artworks"."id" = "artwork_shares"."artwork_id" WHERE "artwork_shares"."user_id" = $1 LIMIT $2[0m  [["user_id", 5], ["LIMIT", 11]]
  [1m[36mUser Load (0.7ms)[0m  [1m[34mSELECT  "users".* FROM "users" ORDER BY "users"."id" ASC LIMIT $1[0m  [["LIMIT", 1]]
  [1m[36mArtwork Load (1.0ms)[0m  [1m[34mSELECT  "artworks".* FROM "artworks" INNER JOIN "artwork_shares" ON "artworks"."id" = "artwork_shares"."artwork_id" WHERE "artwork_shares"."user_id" = $1 LIMIT $2[0m  [["user_id", 1], ["LIMIT", 11]]
  [1m[36mArtwork Load (0.6ms)[0m  [1m[34mSELECT  "artworks".* FROM "artworks" ORDER BY "artworks"."id" ASC LIMIT $1[0m  [["LIMIT", 1]]
  [1m[36mArtwork Load (0.9ms)[0m  [1m[34mSELECT  "artworks".* FROM "artworks" ORDER BY "artworks"."id" ASC LIMIT $1[0m  [["LIMIT", 1]]
  [1m[36mUser Load (0.4ms)[0m  [1m[34mSELECT  "users".* FROM "users" WHERE "users"."id" = $1 LIMIT $2[0m  [["id", 1], ["LIMIT", 1]]
  [1m[36mArtwork Load (1.0ms)[0m  [1m[34mSELECT  "artworks".* FROM "artworks" ORDER BY "artworks"."id" ASC LIMIT $1[0m  [["LIMIT", 1]]
  [1m[36mArtworkShare Load (0.4ms)[0m  [1m[34mSELECT  "artwork_shares".* FROM "artwork_shares" WHERE "artwork_shares"."artwork_id" = $1 LIMIT $2[0m  [["artwork_id", 1], ["LIMIT", 11]]
  [1m[36mArtwork Load (0.7ms)[0m  [1m[34mSELECT  "artworks".* FROM "artworks" ORDER BY "artworks"."id" DESC LIMIT $1[0m  [["LIMIT", 1]]
  [1m[36mArtworkShare Load (0.7ms)[0m  [1m[34mSELECT  "artwork_shares".* FROM "artwork_shares" WHERE "artwork_shares"."artwork_id" = $1 LIMIT $2[0m  [["artwork_id", 5], ["LIMIT", 11]]
  [1m[36mArtwork Load (0.9ms)[0m  [1m[34mSELECT  "artworks".* FROM "artworks" ORDER BY "artworks"."id" DESC LIMIT $1[0m  [["LIMIT", 1]]
  [1m[36mArtworkShare Load (0.7ms)[0m  [1m[34mSELECT  "artwork_shares".* FROM "artwork_shares" WHERE "artwork_shares"."artwork_id" = $1 LIMIT $2[0m  [["artwork_id", 5], ["LIMIT", 11]]
  [1m[36mArtwork Load (1.0ms)[0m  [1m[34mSELECT  "artworks".* FROM "artworks" ORDER BY "artworks"."id" DESC LIMIT $1[0m  [["LIMIT", 1]]
  [1m[36mArtwork Load (0.8ms)[0m  [1m[34mSELECT  "artworks".* FROM "artworks" ORDER BY "artworks"."id" DESC LIMIT $1[0m  [["LIMIT", 1]]
  [1m[36mUser Load (1.3ms)[0m  [1m[34mSELECT  "users".* FROM "users" INNER JOIN "artwork_shares" ON "users"."id" = "artwork_shares"."user_id" WHERE "artwork_shares"."artwork_id" = $1 LIMIT $2[0m  [["artwork_id", 5], ["LIMIT", 11]]
  [1m[36mArtwork Load (0.7ms)[0m  [1m[34mSELECT  "artworks".* FROM "artworks" WHERE "artworks"."id" = $1 LIMIT $2[0m  [["id", 2], ["LIMIT", 1]]
  [1m[36mUser Load (1.0ms)[0m  [1m[34mSELECT  "users".* FROM "users" INNER JOIN "artwork_shares" ON "users"."id" = "artwork_shares"."user_id" WHERE "artwork_shares"."artwork_id" = $1 LIMIT $2[0m  [["artwork_id", 2], ["LIMIT", 11]]
  [1m[35m (0.3ms)[0m  [1m[34mSELECT pg_try_advisory_lock(7974280239715595190)[0m
  ↳ bin/rails:9
  [1m[35m (1.6ms)[0m  [1m[34mSELECT "schema_migrations"."version" FROM "schema_migrations" ORDER BY "schema_migrations"."version" ASC[0m
  ↳ bin/rails:9
Migrating to ModifyArtworks (20181113010942)
  [1m[35m (19.5ms)[0m  [1m[35mCREATE  INDEX  "index_artworks_on_image_url" ON "artworks"  ("image_url")[0m
  ↳ db/migrate/20181113010942_modify_artworks.rb:7
  [1m[35m (0.8ms)[0m  [1m[35mCREATE  INDEX  "index_artworks_on_image_url" ON "artworks"  ("image_url")[0m
  ↳ db/migrate/20181113010942_modify_artworks.rb:7
  [1m[35m (0.4ms)[0m  [1m[34mSELECT pg_advisory_unlock(7974280239715595190)[0m
  ↳ bin/rails:9
  [1m[35m (0.3ms)[0m  [1m[34mSELECT pg_try_advisory_lock(7974280239715595190)[0m
  ↳ bin/rails:9
  [1m[35m (1.0ms)[0m  [1m[34mSELECT "schema_migrations"."version" FROM "schema_migrations" ORDER BY "schema_migrations"."version" ASC[0m
  ↳ bin/rails:9
  [1m[36mActiveRecord::InternalMetadata Load (0.6ms)[0m  [1m[34mSELECT  "ar_internal_metadata".* FROM "ar_internal_metadata" WHERE "ar_internal_metadata"."key" = $1 LIMIT $2[0m  [["key", "environment"], ["LIMIT", 1]]
  ↳ bin/rails:9
  [1m[35m (0.4ms)[0m  [1m[35mBEGIN[0m
  ↳ bin/rails:9
  [1m[35m (0.2ms)[0m  [1m[35mCOMMIT[0m
  ↳ bin/rails:9
  [1m[35m (0.4ms)[0m  [1m[34mSELECT pg_advisory_unlock(7974280239715595190)[0m
  ↳ bin/rails:9
  [1m[35m (0.5ms)[0m  [1m[34mSELECT "schema_migrations"."version" FROM "schema_migrations" ORDER BY "schema_migrations"."version" ASC[0m
  ↳ bin/rails:9
